nov.-28 13:52:03.203 [main] DEBUG nextflow.cli.Launcher - $> nextflow run main.nf
nov.-28 13:52:03.274 [main] DEBUG nextflow.cli.CmdRun - N E X T F L O W  ~  version 25.10.0
nov.-28 13:52:03.309 [main] DEBUG nextflow.config.ConfigBuilder - Found config local: /Users/pierrejeangouze/Documents/APT/IODAA/AMI2B/ReproHackathon/Repro_Hackathon_S_Aureus_MGG/Nextflow/working_nf/Deseq_2811/plot/nextflow.config
nov.-28 13:52:03.312 [main] DEBUG nextflow.config.ConfigBuilder - Parsing config file: /Users/pierrejeangouze/Documents/APT/IODAA/AMI2B/ReproHackathon/Repro_Hackathon_S_Aureus_MGG/Nextflow/working_nf/Deseq_2811/plot/nextflow.config
nov.-28 13:52:03.338 [main] DEBUG nextflow.config.ConfigBuilder - Applying config profile: `standard`
nov.-28 13:52:03.761 [main] DEBUG nextflow.plugin.PluginsFacade - Setting up plugin manager > mode=prod; embedded=false; plugins-dir=/Users/pierrejeangouze/.nextflow/plugins; core-plugins: nf-amazon@3.4.1,nf-azure@1.20.2,nf-cloudcache@0.5.0,nf-codecommit@0.5.0,nf-console@1.3.0,nf-google@1.23.3,nf-k8s@1.2.2,nf-tower@1.17.1,nf-wave@1.16.1
nov.-28 13:52:03.771 [main] INFO  o.pf4j.DefaultPluginStatusProvider - Enabled plugins: []
nov.-28 13:52:03.772 [main] INFO  o.pf4j.DefaultPluginStatusProvider - Disabled plugins: []
nov.-28 13:52:03.774 [main] INFO  org.pf4j.DefaultPluginManager - PF4J version 3.12.0 in 'deployment' mode
nov.-28 13:52:03.787 [main] DEBUG nextflow.util.RetryConfig - Missing nextflow session - using default retry config
nov.-28 13:52:03.939 [main] INFO  org.pf4j.AbstractPluginManager - No plugins
nov.-28 13:52:03.940 [main] DEBUG nextflow.plugin.PluginsFacade - Plugins default=[]
nov.-28 13:52:03.940 [main] DEBUG nextflow.plugin.PluginsFacade - Plugins resolved requirement=[]
nov.-28 13:52:03.955 [main] DEBUG n.secret.LocalSecretsProvider - Secrets store: /Users/pierrejeangouze/.nextflow/secrets/store.json
nov.-28 13:52:03.958 [main] DEBUG nextflow.secret.SecretsLoader - Discovered secrets providers: [nextflow.secret.LocalSecretsProvider@37ad042b] - activable => nextflow.secret.LocalSecretsProvider@37ad042b
nov.-28 13:52:03.967 [main] DEBUG nextflow.cli.CmdRun - Applied DSL=2 from script declaration
nov.-28 13:52:03.979 [main] DEBUG nextflow.cli.CmdRun - Launching `main.nf` [modest_wescoff] DSL2 - revision: 06903c3e1e
nov.-28 13:52:04.028 [main] DEBUG nextflow.Session - Session UUID: 174ca46c-5437-4762-8169-cebabb0418ad
nov.-28 13:52:04.028 [main] DEBUG nextflow.Session - Run name: modest_wescoff
nov.-28 13:52:04.029 [main] DEBUG nextflow.Session - Executor pool size: 8
nov.-28 13:52:04.037 [main] DEBUG nextflow.file.FilePorter - File porter settings maxRetries=3; maxTransfers=50; pollTimeout=null
nov.-28 13:52:04.042 [main] DEBUG nextflow.util.ThreadPoolBuilder - Creating thread pool 'FileTransfer' minSize=10; maxSize=24; workQueue=LinkedBlockingQueue[-1]; allowCoreThreadTimeout=false
nov.-28 13:52:04.068 [main] DEBUG nextflow.cli.CmdRun - 
  Version: 25.10.0 build 10289
  Created: 22-10-2025 16:26 UTC (18:26 CEST)
  System: Mac OS X 15.0
  Runtime: Groovy 4.0.28 on OpenJDK 64-Bit Server VM 21.0.9
  Encoding: UTF-8 (UTF-8)
  Process: 14484@MacBook-Air-de-Pierre-jean.local [127.0.0.1]
  CPUs: 8 - Mem: 8 GB (151.7 MB) - Swap: 3 GB (1.2 GB)
nov.-28 13:52:04.080 [main] DEBUG nextflow.Session - Work-dir: /Users/pierrejeangouze/Documents/APT/IODAA/AMI2B/ReproHackathon/Repro_Hackathon_S_Aureus_MGG/Nextflow/working_nf/Deseq_2811/plot/work [Mac OS X]
nov.-28 13:52:04.080 [main] DEBUG nextflow.Session - Script base path does not exist or is not a directory: /Users/pierrejeangouze/Documents/APT/IODAA/AMI2B/ReproHackathon/Repro_Hackathon_S_Aureus_MGG/Nextflow/working_nf/Deseq_2811/plot/bin
nov.-28 13:52:04.088 [main] DEBUG nextflow.executor.ExecutorFactory - Extension executors providers=[]
nov.-28 13:52:04.095 [main] DEBUG nextflow.Session - Observer factory (v2): LinObserverFactory
nov.-28 13:52:04.098 [main] DEBUG nextflow.Session - Observer factory (v2): DefaultObserverFactory
nov.-28 13:52:04.131 [main] DEBUG nextflow.cache.CacheFactory - Using Nextflow cache factory: nextflow.cache.DefaultCacheFactory
nov.-28 13:52:04.140 [main] DEBUG nextflow.util.CustomThreadPool - Creating default thread pool > poolSize: 9; maxThreads: 1000
nov.-28 13:52:04.188 [main] DEBUG nextflow.Session - Session start
nov.-28 13:52:04.349 [main] DEBUG nextflow.script.ScriptRunner - > Launching execution
nov.-28 13:52:04.422 [main] DEBUG n.script.dsl.ProcessConfigBuilder - Config settings `withName:deseq2` matches process deseq2
nov.-28 13:52:04.440 [main] DEBUG nextflow.executor.ExecutorFactory - << taskConfig executor: null
nov.-28 13:52:04.440 [main] DEBUG nextflow.executor.ExecutorFactory - >> processorType: 'local'
nov.-28 13:52:04.448 [main] DEBUG nextflow.executor.Executor - [warm up] executor > local
nov.-28 13:52:04.455 [main] DEBUG n.processor.LocalPollingMonitor - Creating local task monitor for executor 'local' > cpus=8; memory=8 GB; capacity=8; pollInterval=100ms; dumpInterval=5m
nov.-28 13:52:04.457 [main] DEBUG n.processor.TaskPollingMonitor - >>> barrier register (monitor: local)
nov.-28 13:52:04.477 [main] DEBUG nextflow.processor.TaskProcessor - Creating process 'deseq2': maxForks=0; fair=false; array=0
nov.-28 13:52:04.540 [main] DEBUG nextflow.Session - Workflow process names [dsl2]: deseq2
nov.-28 13:52:04.542 [main] DEBUG nextflow.Session - Igniting dataflow network (1)
nov.-28 13:52:04.543 [main] DEBUG nextflow.processor.TaskProcessor - Starting process > deseq2
nov.-28 13:52:04.544 [main] DEBUG nextflow.script.ScriptRunner - Parsed script files:
  Script_130283c633633780: /Users/pierrejeangouze/Documents/APT/IODAA/AMI2B/ReproHackathon/Repro_Hackathon_S_Aureus_MGG/Nextflow/working_nf/Deseq_2811/plot/main.nf
nov.-28 13:52:04.544 [main] DEBUG nextflow.script.ScriptRunner - > Awaiting termination 
nov.-28 13:52:04.544 [main] DEBUG nextflow.Session - Session await
nov.-28 13:52:04.627 [Actor Thread 3] DEBUG nextflow.util.HashBuilder - Unable to get file attributes file: /Users/pierrejeangouze/Documents/APT/IODAA/AMI2B/ReproHackathon/Repro_Hackathon_S_Aureus_MGG/Nextflow/working_nf/Deseq_2811/plot/data/deseq_fonc2.R -- Cause: java.nio.file.NoSuchFileException: /Users/pierrejeangouze/Documents/APT/IODAA/AMI2B/ReproHackathon/Repro_Hackathon_S_Aureus_MGG/Nextflow/working_nf/Deseq_2811/plot/data/deseq_fonc2.R
nov.-28 13:52:04.692 [Task submitter] DEBUG n.executor.local.LocalTaskHandler - Launch cmd line: /bin/bash -ue .command.run
nov.-28 13:52:04.694 [Task submitter] INFO  nextflow.Session - [7f/b57966] Submitted process > deseq2 (Running)
nov.-28 13:52:05.953 [Task monitor] DEBUG n.processor.TaskPollingMonitor - Task completed > TaskHandler[id: 1; name: deseq2 (Running); status: COMPLETED; exit: 2; error: -; workDir: /Users/pierrejeangouze/Documents/APT/IODAA/AMI2B/ReproHackathon/Repro_Hackathon_S_Aureus_MGG/Nextflow/working_nf/Deseq_2811/plot/work/7f/b5796606068acb8933ff18a2556198]
nov.-28 13:52:05.957 [Task monitor] DEBUG nextflow.util.ThreadPoolBuilder - Creating thread pool 'TaskFinalizer' minSize=10; maxSize=24; workQueue=LinkedBlockingQueue[-1]; allowCoreThreadTimeout=false
nov.-28 13:52:05.976 [TaskFinalizer-1] DEBUG nextflow.processor.TaskProcessor - Handling unexpected condition for
  task: name=deseq2 (Running); work-dir=/Users/pierrejeangouze/Documents/APT/IODAA/AMI2B/ReproHackathon/Repro_Hackathon_S_Aureus_MGG/Nextflow/working_nf/Deseq_2811/plot/work/7f/b5796606068acb8933ff18a2556198
  error [nextflow.exception.ProcessFailedException]: Process `deseq2 (Running)` terminated with an error exit status (2)
nov.-28 13:52:06.009 [TaskFinalizer-1] ERROR nextflow.processor.TaskProcessor - Error executing process > 'deseq2 (Running)'

Caused by:
  Process `deseq2 (Running)` terminated with an error exit status (2)


Command executed:

  Rscript deseq_fonc2.R counts.txt

Command exit status:
  2

Command output:
  Fatal error: cannot open file 'deseq_fonc2.R': No such file or directory

Command error:
  WARNING: The requested image's platform (linux/amd64) does not match the detected host platform (linux/arm64/v8) and no specific platform was requested
  Fatal error: cannot open file 'deseq_fonc2.R': No such file or directory

Work dir:
  /Users/pierrejeangouze/Documents/APT/IODAA/AMI2B/ReproHackathon/Repro_Hackathon_S_Aureus_MGG/Nextflow/working_nf/Deseq_2811/plot/work/7f/b5796606068acb8933ff18a2556198

Container:
  vmichelet/r341_desq2

Tip: you can try to figure out what's wrong by changing to the process work dir and showing the script file named `.command.sh`
nov.-28 13:52:06.041 [TaskFinalizer-1] DEBUG nextflow.Session - Session aborted -- Cause: Process `deseq2 (Running)` terminated with an error exit status (2)
nov.-28 13:52:06.044 [main] DEBUG nextflow.Session - Session await > all processes finished
nov.-28 13:52:06.101 [Task monitor] DEBUG n.processor.TaskPollingMonitor - <<< barrier arrives (monitor: local) - terminating tasks monitor poll loop
nov.-28 13:52:06.102 [main] DEBUG nextflow.Session - Session await > all barriers passed
nov.-28 13:52:06.115 [TaskFinalizer-1] DEBUG n.trace.WorkflowStatsObserver - Workflow completed > WorkflowStats[succeededCount=0; failedCount=1; ignoredCount=0; cachedCount=0; pendingCount=0; submittedCount=0; runningCount=0; retriesCount=0; abortedCount=0; succeedDuration=0ms; failedDuration=1.2s; cachedDuration=0ms;loadCpus=0; loadMemory=0; peakRunning=1; peakCpus=1; peakMemory=0; ]
nov.-28 13:52:06.115 [main] DEBUG n.trace.WorkflowStatsObserver - Workflow completed > WorkflowStats[succeededCount=0; failedCount=1; ignoredCount=0; cachedCount=0; pendingCount=0; submittedCount=0; runningCount=0; retriesCount=0; abortedCount=0; succeedDuration=0ms; failedDuration=1.2s; cachedDuration=0ms;loadCpus=0; loadMemory=0; peakRunning=1; peakCpus=1; peakMemory=0; ]
nov.-28 13:52:06.115 [TaskFinalizer-1] DEBUG nextflow.Session - null
java.lang.InterruptedException: null
	at java.base/java.lang.Object.wait0(Native Method)
	at java.base/java.lang.Object.wait(Object.java:366)
	at java.base/java.lang.Thread.join(Thread.java:2079)
	at java.base/java.lang.Thread.join(Thread.java:2155)
	at nextflow.trace.AnsiLogObserver.onFlowComplete(AnsiLogObserver.groovy:520)
	at nextflow.Session$_notifyFlowComplete_lambda39.doCall(Session.groovy:1121)
	at nextflow.Session.notifyEvent(Session.groovy:1151)
	at nextflow.Session.notifyFlowComplete(Session.groovy:1121)
	at nextflow.Session.shutdown0(Session.groovy:779)
	at nextflow.Session.abort(Session.groovy:834)
	at nextflow.Session.fault(Session.groovy:796)
	at nextflow.processor.TaskPollingMonitor.finalizeTask(TaskPollingMonitor.groovy:753)
	at nextflow.processor.TaskPollingMonitor.safeFinalizeTask(TaskPollingMonitor.groovy:736)
	at java.base/jdk.internal.reflect.DirectMethodHandleAccessor.invoke(DirectMethodHandleAccessor.java:103)
	at java.base/java.lang.reflect.Method.invoke(Method.java:580)
	at org.codehaus.groovy.reflection.CachedMethod.invoke(CachedMethod.java:343)
	at groovy.lang.MetaMethod.doMethodInvoke(MetaMethod.java:328)
	at groovy.lang.MetaClassImpl.doInvokeMethod(MetaClassImpl.java:1339)
	at groovy.lang.MetaClassImpl.invokeMethod(MetaClassImpl.java:1094)
	at groovy.lang.MetaClassImpl.invokeMethod(MetaClassImpl.java:1007)
	at org.codehaus.groovy.runtime.InvokerHelper.invokePogoMethod(InvokerHelper.java:645)
	at org.codehaus.groovy.runtime.InvokerHelper.invokeMethod(InvokerHelper.java:628)
	at org.codehaus.groovy.runtime.InvokerHelper.invokeMethodSafe(InvokerHelper.java:82)
	at nextflow.processor.TaskPollingMonitor$_checkTaskStatus_lambda8.doCall(TaskPollingMonitor.groovy:726)
	at java.base/java.util.concurrent.Executors$RunnableAdapter.call(Executors.java:572)
	at java.base/java.util.concurrent.FutureTask.run(FutureTask.java:317)
	at java.base/java.util.concurrent.ThreadPoolExecutor.runWorker(ThreadPoolExecutor.java:1144)
	at java.base/java.util.concurrent.ThreadPoolExecutor$Worker.run(ThreadPoolExecutor.java:642)
	at java.base/java.lang.Thread.run(Thread.java:1583)
nov.-28 13:52:06.295 [main] DEBUG nextflow.cache.CacheDB - Closing CacheDB done
nov.-28 13:52:06.329 [main] DEBUG nextflow.script.ScriptRunner - > Execution complete -- Goodbye
